<?xml version="1.0" encoding="UTF-8"?>
<testng-results skipped="0" failed="0" total="1" passed="1">
  <reporter-output>
  </reporter-output>
  <suite name="Default suite" duration-ms="59382" started-at="2019-10-02T14:40:37Z" finished-at="2019-10-02T14:41:37Z">
    <groups>
      <group name="cucumber">
        <method signature="AbstractTestNGCucumberTests.feature(cucumber.api.testng.CucumberFeatureWrapper)[pri:0, instance:runners.MainRunner@6e1567f1]" name="feature" class="cucumber.api.testng.AbstractTestNGCucumberTests"/>
      </group> <!-- cucumber -->
    </groups>
    <test name="Default test" duration-ms="59382" started-at="2019-10-02T14:40:37Z" finished-at="2019-10-02T14:41:37Z">
      <class name="runners.MainRunner">
        <test-method status="PASS" signature="setUpClass()[pri:0, instance:runners.MainRunner@6e1567f1]" name="setUpClass" is-config="true" duration-ms="217" started-at="2019-10-02T10:40:37Z" finished-at="2019-10-02T10:40:37Z">
          <reporter-output>
          </reporter-output>
        </test-method> <!-- setUpClass -->
        <test-method status="PASS" signature="feature(cucumber.api.testng.CucumberFeatureWrapper)[pri:0, instance:runners.MainRunner@6e1567f1]" name="feature" duration-ms="58540" started-at="2019-10-02T10:40:38Z" description="Runs Cucumber Feature" data-provider="features" finished-at="2019-10-02T10:41:36Z">
          <params>
            <param index="0">
              <value>
                <![CDATA[Roles for CRC]]>
              </value>
            </param>
          </params>
          <reporter-output>
          </reporter-output>
        </test-method> <!-- feature -->
        <test-method status="PASS" signature="writeExtentReport()[pri:0, instance:runners.MainRunner@6e1567f1]" name="writeExtentReport" is-config="true" duration-ms="112" started-at="2019-10-02T10:41:36Z" finished-at="2019-10-02T10:41:36Z">
          <reporter-output>
          </reporter-output>
        </test-method> <!-- writeExtentReport -->
        <test-method status="PASS" signature="tearDownClass()[pri:0, instance:runners.MainRunner@6e1567f1]" name="tearDownClass" is-config="true" duration-ms="408" started-at="2019-10-02T10:41:36Z" finished-at="2019-10-02T10:41:37Z">
          <reporter-output>
          </reporter-output>
        </test-method> <!-- tearDownClass -->
      </class> <!-- runners.MainRunner -->
    </test> <!-- Default test -->
  </suite> <!-- Default suite -->
</testng-results>
